<?xml version="1.0" encoding="UTF-8"?>
<testsuite xmlns:xsi="http://www.w3.org/2001/XMLSchema-instance" xsi:noNamespaceSchemaLocation="https://maven.apache.org/surefire/maven-surefire-plugin/xsd/surefire-test-report.xsd" name="de.nightara.solaris.core.UtilTest" time="0.005" tests="1" errors="0" skipped="0" failures="0">
  <properties>
    <property name="sun.desktop" value="windows"/>
    <property name="awt.toolkit" value="sun.awt.windows.WToolkit"/>
    <property name="java.specification.version" value="11"/>
    <property name="sun.cpu.isalist" value="amd64"/>
    <property name="sun.jnu.encoding" value="Cp1252"/>
    <property name="java.class.path" value="D:\Repositories\NightSync\Code\Solaris\Core\target\test-classes;D:\Repositories\NightSync\Code\Solaris\Core\target\classes;D:\Java\Maven\com\discord4j\discord4j-core\3.0.9\discord4j-core-3.0.9.jar;D:\Java\Maven\com\discord4j\discord4j-rest\3.0.9\discord4j-rest-3.0.9.jar;D:\Java\Maven\com\discord4j\discord4j-common\3.0.9\discord4j-common-3.0.9.jar;D:\Java\Maven\io\projectreactor\netty\reactor-netty\0.8.11.RELEASE\reactor-netty-0.8.11.RELEASE.jar;D:\Java\Maven\io\netty\netty-codec-http\4.1.39.Final\netty-codec-http-4.1.39.Final.jar;D:\Java\Maven\io\netty\netty-common\4.1.39.Final\netty-common-4.1.39.Final.jar;D:\Java\Maven\io\netty\netty-buffer\4.1.39.Final\netty-buffer-4.1.39.Final.jar;D:\Java\Maven\io\netty\netty-transport\4.1.39.Final\netty-transport-4.1.39.Final.jar;D:\Java\Maven\io\netty\netty-resolver\4.1.39.Final\netty-resolver-4.1.39.Final.jar;D:\Java\Maven\io\netty\netty-codec\4.1.39.Final\netty-codec-4.1.39.Final.jar;D:\Java\Maven\io\netty\netty-codec-http2\4.1.39.Final\netty-codec-http2-4.1.39.Final.jar;D:\Java\Maven\io\netty\netty-handler\4.1.39.Final\netty-handler-4.1.39.Final.jar;D:\Java\Maven\io\netty\netty-handler-proxy\4.1.39.Final\netty-handler-proxy-4.1.39.Final.jar;D:\Java\Maven\io\netty\netty-codec-socks\4.1.39.Final\netty-codec-socks-4.1.39.Final.jar;D:\Java\Maven\io\netty\netty-transport-native-epoll\4.1.39.Final\netty-transport-native-epoll-4.1.39.Final-linux-x86_64.jar;D:\Java\Maven\io\netty\netty-transport-native-unix-common\4.1.39.Final\netty-transport-native-unix-common-4.1.39.Final.jar;D:\Java\Maven\com\fasterxml\jackson\core\jackson-databind\2.9.9\jackson-databind-2.9.9.jar;D:\Java\Maven\com\fasterxml\jackson\core\jackson-annotations\2.9.0\jackson-annotations-2.9.0.jar;D:\Java\Maven\com\fasterxml\jackson\core\jackson-core\2.9.9\jackson-core-2.9.9.jar;D:\Java\Maven\com\fasterxml\jackson\datatype\jackson-datatype-jdk8\2.9.9\jackson-datatype-jdk8-2.9.9.jar;D:\Java\Maven\io\projectreactor\addons\reactor-extra\3.2.3.RELEASE\reactor-extra-3.2.3.RELEASE.jar;D:\Java\Maven\io\projectreactor\reactor-core\3.2.9.RELEASE\reactor-core-3.2.9.RELEASE.jar;D:\Java\Maven\org\reactivestreams\reactive-streams\1.0.2\reactive-streams-1.0.2.jar;D:\Java\Maven\com\discord4j\discord4j-gateway\3.0.9\discord4j-gateway-3.0.9.jar;D:\Java\Maven\com\discord4j\discord4j-voice\3.0.9\discord4j-voice-3.0.9.jar;D:\Java\Maven\com\discord4j\simple-fsm\1.0.1\simple-fsm-1.0.1.jar;D:\Java\Maven\com\discord4j\stores-jdk\3.0.8\stores-jdk-3.0.8.jar;D:\Java\Maven\com\discord4j\stores-api\3.0.8\stores-api-3.0.8.jar;D:\Java\Maven\com\austinv11\servicer\Servicer\1.0.0\Servicer-1.0.0.jar;D:\Java\Maven\org\apache\logging\log4j\log4j-slf4j-impl\2.11.1\log4j-slf4j-impl-2.11.1.jar;D:\Java\Maven\org\slf4j\slf4j-api\1.7.25\slf4j-api-1.7.25.jar;D:\Java\Maven\org\apache\logging\log4j\log4j-api\2.11.1\log4j-api-2.11.1.jar;D:\Java\Maven\org\apache\logging\log4j\log4j-core\2.11.1\log4j-core-2.11.1.jar;D:\Java\Maven\org\apache\commons\commons-lang3\3.9\commons-lang3-3.9.jar;D:\Java\Maven\junit\junit\4.12\junit-4.12.jar;D:\Java\Maven\org\hamcrest\hamcrest-core\1.3\hamcrest-core-1.3.jar;D:\Java\Maven\org\hamcrest\hamcrest-junit\2.0.0.0\hamcrest-junit-2.0.0.0.jar;D:\Java\Maven\org\hamcrest\java-hamcrest\2.0.0.0\java-hamcrest-2.0.0.0.jar;D:\Java\Maven\org\jooq\jooq\3.11.7\jooq-3.11.7.jar;D:\Java\Maven\javax\xml\bind\jaxb-api\2.2.12\jaxb-api-2.2.12.jar;D:\Java\Maven\mysql\mysql-connector-java\8.0.12\mysql-connector-java-8.0.12.jar;D:\Java\Maven\com\google\protobuf\protobuf-java\2.6.0\protobuf-java-2.6.0.jar;D:\Java\Maven\net\sf\trove4j\trove4j\3.0.3\trove4j-3.0.3.jar;D:\Java\Maven\org\mockito\mockito-core\2.28.2\mockito-core-2.28.2.jar;D:\Java\Maven\net\bytebuddy\byte-buddy\1.9.10\byte-buddy-1.9.10.jar;D:\Java\Maven\net\bytebuddy\byte-buddy-agent\1.9.10\byte-buddy-agent-1.9.10.jar;D:\Java\Maven\org\objenesis\objenesis\2.6\objenesis-2.6.jar;"/>
    <property name="java.vm.vendor" value="Oracle Corporation"/>
    <property name="sun.arch.data.model" value="64"/>
    <property name="user.variant" value=""/>
    <property name="java.vendor.url" value="http://java.oracle.com/"/>
    <property name="user.timezone" value="Europe/Berlin"/>
    <property name="java.vm.specification.version" value="11"/>
    <property name="os.name" value="Windows 10"/>
    <property name="sun.java.launcher" value="SUN_STANDARD"/>
    <property name="user.country" value="DE"/>
    <property name="sun.boot.library.path" value="D:\Program Files\Java\jdk-11.0.3\bin"/>
    <property name="sun.java.command" value="C:\Users\Florian\AppData\Local\Temp\surefire12338940591497239400\surefirebooter4432212853843938686.jar C:\Users\Florian\AppData\Local\Temp\surefire12338940591497239400 2019-09-30T23-14-33_108-jvmRun1 surefire15181376475968864382tmp surefire_06144704964646480396tmp"/>
    <property name="jdk.debug" value="release"/>
    <property name="surefire.test.class.path" value="D:\Repositories\NightSync\Code\Solaris\Core\target\test-classes;D:\Repositories\NightSync\Code\Solaris\Core\target\classes;D:\Java\Maven\com\discord4j\discord4j-core\3.0.9\discord4j-core-3.0.9.jar;D:\Java\Maven\com\discord4j\discord4j-rest\3.0.9\discord4j-rest-3.0.9.jar;D:\Java\Maven\com\discord4j\discord4j-common\3.0.9\discord4j-common-3.0.9.jar;D:\Java\Maven\io\projectreactor\netty\reactor-netty\0.8.11.RELEASE\reactor-netty-0.8.11.RELEASE.jar;D:\Java\Maven\io\netty\netty-codec-http\4.1.39.Final\netty-codec-http-4.1.39.Final.jar;D:\Java\Maven\io\netty\netty-common\4.1.39.Final\netty-common-4.1.39.Final.jar;D:\Java\Maven\io\netty\netty-buffer\4.1.39.Final\netty-buffer-4.1.39.Final.jar;D:\Java\Maven\io\netty\netty-transport\4.1.39.Final\netty-transport-4.1.39.Final.jar;D:\Java\Maven\io\netty\netty-resolver\4.1.39.Final\netty-resolver-4.1.39.Final.jar;D:\Java\Maven\io\netty\netty-codec\4.1.39.Final\netty-codec-4.1.39.Final.jar;D:\Java\Maven\io\netty\netty-codec-http2\4.1.39.Final\netty-codec-http2-4.1.39.Final.jar;D:\Java\Maven\io\netty\netty-handler\4.1.39.Final\netty-handler-4.1.39.Final.jar;D:\Java\Maven\io\netty\netty-handler-proxy\4.1.39.Final\netty-handler-proxy-4.1.39.Final.jar;D:\Java\Maven\io\netty\netty-codec-socks\4.1.39.Final\netty-codec-socks-4.1.39.Final.jar;D:\Java\Maven\io\netty\netty-transport-native-epoll\4.1.39.Final\netty-transport-native-epoll-4.1.39.Final-linux-x86_64.jar;D:\Java\Maven\io\netty\netty-transport-native-unix-common\4.1.39.Final\netty-transport-native-unix-common-4.1.39.Final.jar;D:\Java\Maven\com\fasterxml\jackson\core\jackson-databind\2.9.9\jackson-databind-2.9.9.jar;D:\Java\Maven\com\fasterxml\jackson\core\jackson-annotations\2.9.0\jackson-annotations-2.9.0.jar;D:\Java\Maven\com\fasterxml\jackson\core\jackson-core\2.9.9\jackson-core-2.9.9.jar;D:\Java\Maven\com\fasterxml\jackson\datatype\jackson-datatype-jdk8\2.9.9\jackson-datatype-jdk8-2.9.9.jar;D:\Java\Maven\io\projectreactor\addons\reactor-extra\3.2.3.RELEASE\reactor-extra-3.2.3.RELEASE.jar;D:\Java\Maven\io\projectreactor\reactor-core\3.2.9.RELEASE\reactor-core-3.2.9.RELEASE.jar;D:\Java\Maven\org\reactivestreams\reactive-streams\1.0.2\reactive-streams-1.0.2.jar;D:\Java\Maven\com\discord4j\discord4j-gateway\3.0.9\discord4j-gateway-3.0.9.jar;D:\Java\Maven\com\discord4j\discord4j-voice\3.0.9\discord4j-voice-3.0.9.jar;D:\Java\Maven\com\discord4j\simple-fsm\1.0.1\simple-fsm-1.0.1.jar;D:\Java\Maven\com\discord4j\stores-jdk\3.0.8\stores-jdk-3.0.8.jar;D:\Java\Maven\com\discord4j\stores-api\3.0.8\stores-api-3.0.8.jar;D:\Java\Maven\com\austinv11\servicer\Servicer\1.0.0\Servicer-1.0.0.jar;D:\Java\Maven\org\apache\logging\log4j\log4j-slf4j-impl\2.11.1\log4j-slf4j-impl-2.11.1.jar;D:\Java\Maven\org\slf4j\slf4j-api\1.7.25\slf4j-api-1.7.25.jar;D:\Java\Maven\org\apache\logging\log4j\log4j-api\2.11.1\log4j-api-2.11.1.jar;D:\Java\Maven\org\apache\logging\log4j\log4j-core\2.11.1\log4j-core-2.11.1.jar;D:\Java\Maven\org\apache\commons\commons-lang3\3.9\commons-lang3-3.9.jar;D:\Java\Maven\junit\junit\4.12\junit-4.12.jar;D:\Java\Maven\org\hamcrest\hamcrest-core\1.3\hamcrest-core-1.3.jar;D:\Java\Maven\org\hamcrest\hamcrest-junit\2.0.0.0\hamcrest-junit-2.0.0.0.jar;D:\Java\Maven\org\hamcrest\java-hamcrest\2.0.0.0\java-hamcrest-2.0.0.0.jar;D:\Java\Maven\org\jooq\jooq\3.11.7\jooq-3.11.7.jar;D:\Java\Maven\javax\xml\bind\jaxb-api\2.2.12\jaxb-api-2.2.12.jar;D:\Java\Maven\mysql\mysql-connector-java\8.0.12\mysql-connector-java-8.0.12.jar;D:\Java\Maven\com\google\protobuf\protobuf-java\2.6.0\protobuf-java-2.6.0.jar;D:\Java\Maven\net\sf\trove4j\trove4j\3.0.3\trove4j-3.0.3.jar;D:\Java\Maven\org\mockito\mockito-core\2.28.2\mockito-core-2.28.2.jar;D:\Java\Maven\net\bytebuddy\byte-buddy\1.9.10\byte-buddy-1.9.10.jar;D:\Java\Maven\net\bytebuddy\byte-buddy-agent\1.9.10\byte-buddy-agent-1.9.10.jar;D:\Java\Maven\org\objenesis\objenesis\2.6\objenesis-2.6.jar;"/>
    <property name="sun.cpu.endian" value="little"/>
    <property name="user.home" value="C:\Users\Florian"/>
    <property name="user.language" value="de"/>
    <property name="java.specification.vendor" value="Oracle Corporation"/>
    <property name="java.version.date" value="2019-04-16"/>
    <property name="java.home" value="D:\Program Files\Java\jdk-11.0.3"/>
    <property name="file.separator" value="\"/>
    <property name="basedir" value="D:\Repositories\NightSync\Code\Solaris\Core"/>
    <property name="java.vm.compressedOopsMode" value="Zero based"/>
    <property name="line.separator" value="&#10;"/>
    <property name="idea.version2019.2.3" value="true"/>
    <property name="java.specification.name" value="Java Platform API Specification"/>
    <property name="java.vm.specification.vendor" value="Oracle Corporation"/>
    <property name="java.awt.graphicsenv" value="sun.awt.Win32GraphicsEnvironment"/>
    <property name="surefire.real.class.path" value="C:\Users\Florian\AppData\Local\Temp\surefire12338940591497239400\surefirebooter4432212853843938686.jar"/>
    <property name="user.script" value=""/>
    <property name="sun.management.compiler" value="HotSpot 64-Bit Tiered Compilers"/>
    <property name="java.runtime.version" value="11.0.3+12-LTS"/>
    <property name="user.name" value="Florian"/>
    <property name="path.separator" value=";"/>
    <property name="os.version" value="10.0"/>
    <property name="java.runtime.name" value="Java(TM) SE Runtime Environment"/>
    <property name="file.encoding" value="UTF-8"/>
    <property name="java.vm.name" value="Java HotSpot(TM) 64-Bit Server VM"/>
    <property name="java.vendor.version" value="18.9"/>
    <property name="localRepository" value="D:\Java\Maven"/>
    <property name="java.vendor.url.bug" value="http://bugreport.java.com/bugreport/"/>
    <property name="java.io.tmpdir" value="C:\Users\Florian\AppData\Local\Temp\"/>
    <property name="java.version" value="11.0.3"/>
    <property name="user.dir" value="D:\Repositories\NightSync\Code\Solaris\Core"/>
    <property name="os.arch" value="amd64"/>
    <property name="java.vm.specification.name" value="Java Virtual Machine Specification"/>
    <property name="java.awt.printerjob" value="sun.awt.windows.WPrinterJob"/>
    <property name="sun.os.patch.level" value=""/>
    <property name="java.library.path" value="D:\Program Files\Java\jdk-11.0.3\bin;C:\WINDOWS\Sun\Java\bin;C:\WINDOWS\system32;C:\WINDOWS;D:\Python\Python37\Scripts\;D:\Python\Python37\;C:\Program Files (x86)\Common Files\Microsoft Shared\Windows Live;C:\Windows\system32;C:\Windows;C:\Windows\System32\Wbem;C:\Windows\System32\WindowsPowerShell\v1.0\;D:\Program Files (x86)\QuickTime\QTSystem\;C:\WINDOWS\system32;C:\WINDOWS;C:\WINDOWS\System32\Wbem;C:\WINDOWS\System32\WindowsPowerShell\v1.0\;D:\Program Files (x86)\OptiPNG;D:\Program Files (x86)\Cmder\;C:\Program Files (x86)\NVIDIA Corporation\PhysX\Common;D:\Program Files\FFMPEG\bin;C:\Program Files\dotnet\;C:\WINDOWS\System32\OpenSSH\;D:\cygwin64\bin;C:\Program Files\NVIDIA Corporation\NVIDIA NGX;C:\WINDOWS\system32;C:\WINDOWS;C:\WINDOWS\System32\Wbem;C:\WINDOWS\System32\WindowsPowerShell\v1.0\;C:\WINDOWS\System32\OpenSSH\;D:\Program Files\Java\jdk-11.0.3\bin;D:\Program Files (x86)\WinSCP\;D:\Program Files (x86)\Gpg4win\..\GnuPG\bin;D:\texlive\2019\bin\win32;D:\Program Files\PostgreSQL\11\bin;D:\Program Files\Git\cmd;D:\Program Files\Git\mingw64\bin;D:\Program Files\Git\usr\bin;D:\Ruby23-x64\bin;C:\Users\Florian\AppData\Local\Microsoft\WindowsApps;C:\Users\Florian\AppData\Roaming\npm;D:\Program Files (x86)\GnuWin32\bin;D:\Program Files (x86)\gifsicle-1.88-win64;C:\Windows\Microsoft.NET\Framework64\v4.0.30319;D:\cygwin64\bin;;."/>
    <property name="java.vendor" value="Oracle Corporation"/>
    <property name="java.vm.info" value="mixed mode"/>
    <property name="java.vm.version" value="11.0.3+12-LTS"/>
    <property name="sun.io.unicode.encoding" value="UnicodeLittle"/>
    <property name="maven.repo.local" value="D:\Java\Maven"/>
    <property name="java.class.version" value="55.0"/>
  </properties>
  <testcase name="testBreakString" classname="de.nightara.solaris.core.UtilTest" time="0.005"/>
</testsuite>